<?xml version="1.0" encoding="UTF-8"?>
<!-- Generated by org.testng.reporters.JUnitReportReporter -->
<testsuite hostname="DHILPE" failures="0" tests="2" name="neoStoxTestClasses.ValidateNeoStoxUserNameUsingPropertyFile" time="32.510" errors="0" timestamp="2023-01-16T12:54:04 IST" skipped="0">
  <testcase classname="neoStoxTestClasses.ValidateNeoStoxUserNameUsingPropertyFile" name="validateUserName" time="20.672"/>
  <system-out>
    <![CDATA[getting actual user Name
Actual user name is --> Hi Shweta Dhilpe
Reading data from peroperty file
data is Hi Shweta Dhilpe
Reading data from peroperty file
data is TCID-4567
taking screenshot 
screenShot taken and saved at C:\Users\screenshot\TCID-45674hzN.png]]>
  </system-out>
  <testcase classname="neoStoxTestClasses.ValidateNeoStoxUserNameUsingPropertyFile" name="validateACBalance" time="11.838"/>
  <system-out>
    <![CDATA[getting ac balance
 balance isRs.5,00,000.00
Reading data from peroperty file
data is TCID-4568
taking screenshot 
screenShot taken and saved at C:\Users\screenshot\TCID-4568XMqG.png]]>
  </system-out>
</testsuite> <!-- neoStoxTestClasses.ValidateNeoStoxUserNameUsingPropertyFile -->
